<?xml version="1.0" encoding="UTF-8"?>
<testsuite name="tests.Login" tests="1" skipped="0" failures="0" errors="0" timestamp="2022-07-04T15:13:51" hostname="DESKTOP-B443DO6" time="4.961">
  <properties/>
  <testcase name="loginPositive" classname="tests.Login" time="4.961"/>
  <system-out><![CDATA[]]></system-out>
  <system-err><![CDATA[]]></system-err>
</testsuite>
